quast.py --gene-finding -o quast_output/ scaffolds.fasta

Version: 5.0.1, 4dab6119

System information:
  OS: Darwin-17.5.0-x86_64-i386-64bit (macosx)
  Python version: 3.6.3
  CPUs number: 4

Started: 2018-11-04 20:35:17

Logging to /Users/rc/Documents/1819/CS175/CS175PS/PS3/quast/quast_output/quast.log
NOTICE: Maximum number of threads is set to 1 (use --threads option to set it manually)

CWD: /Users/rc/Documents/1819/CS175/CS175PS/PS3/quast
Main parameters: 
  MODE: default, threads: 1, minimum contig length: 500, minimum alignment length: 65, \
  ambiguity: one, threshold for extensive misassembly size: 1000

Contigs:
  Pre-processing...
  scaffolds.fasta ==> scaffolds

2018-11-04 20:37:09
Running Basic statistics processor...
  Contig files: 
    scaffolds
  Calculating N50 and L50...
    scaffolds, N50 = 237562, L50 = 2, Total length = 993171, GC % = 51.42, # N's per 100 kbp =  10.07
  Drawing Nx plot...
    saved to /Users/rc/Documents/1819/CS175/CS175PS/PS3/quast/quast_output/basic_stats/Nx_plot.pdf
  Drawing cumulative plot...
    saved to /Users/rc/Documents/1819/CS175/CS175PS/PS3/quast/quast_output/basic_stats/cumulative_plot.pdf
  Drawing GC content plot...
    saved to /Users/rc/Documents/1819/CS175/CS175PS/PS3/quast/quast_output/basic_stats/GC_content_plot.pdf
  Drawing scaffolds GC content plot...
    saved to /Users/rc/Documents/1819/CS175/CS175PS/PS3/quast/quast_output/basic_stats/scaffolds_GC_content_plot.pdf
  Drawing Coverage histogram (bin size: 1x)...
    saved to /Users/rc/Documents/1819/CS175/CS175PS/PS3/quast/quast_output/basic_stats/coverage_histogram.pdf
  Drawing scaffolds coverage histogram (bin size: 1x)...
    saved to /Users/rc/Documents/1819/CS175/CS175PS/PS3/quast/quast_output/basic_stats/scaffolds_coverage_histogram.pdf
Done.

2018-11-04 20:37:12
Running GeneMarkS...
  scaffolds
    perl quast_libs/genemark/macosx/gmsn.pl --name scaffolds --clean --out quast_output/predicted_genes/tmp/tmphcszesz2 \
    quast_output/quast_corrected_input/scaffolds.fasta > quast_output/predicted_genes/scaffolds_genemark.stderr \
    2> quast_output/predicted_genes/scaffolds_genemark.stderr
    quast_libs/genemark/macosx/gmhmmp -d -a -p 0 -m quast_output/predicted_genes/tmp/tmphcszesz2/scaffolds_hmm_heuristic.mod \
    -o quast_output/predicted_genes/tmp/tmphcszesz2/scaffolds.gmhmm quast_output/quast_corrected_input/scaffolds.fasta \
    >> quast_output/predicted_genes/scaffolds_genemark.stderr 2>> quast_output/predicted_genes/scaffolds_genemark.stderr
    Genes = 914 unique, 914 total
    Predicted genes (GFF): /Users/rc/Documents/1819/CS175/CS175PS/PS3/quast/quast_output/predicted_genes/scaffolds_genemark_genes.gff.gz
Done.

2018-11-04 20:38:51
Creating large visual summaries...
This may take a while: press Ctrl-C to skip this step..
  1 of 2: Creating Icarus viewers...
  2 of 2: Creating PDF with all tables and plots...
Done

2018-11-04 20:38:54
RESULTS:
  Text versions of total report are saved to /Users/rc/Documents/1819/CS175/CS175PS/PS3/quast/quast_output/report.txt, report.tsv, and report.tex
  Text versions of transposed total report are saved to /Users/rc/Documents/1819/CS175/CS175PS/PS3/quast/quast_output/transposed_report.txt, transposed_report.tsv, and transposed_report.tex
  HTML version (interactive tables and plots) is saved to /Users/rc/Documents/1819/CS175/CS175PS/PS3/quast/quast_output/report.html
  PDF version (tables and plots) is saved to /Users/rc/Documents/1819/CS175/CS175PS/PS3/quast/quast_output/report.pdf
  Icarus (contig browser) is saved to /Users/rc/Documents/1819/CS175/CS175PS/PS3/quast/quast_output/icarus.html
  Log is saved to /Users/rc/Documents/1819/CS175/CS175PS/PS3/quast/quast_output/quast.log

Finished: 2018-11-04 20:38:54
Elapsed time: 0:03:36.991398
NOTICEs: 1; WARNINGs: 0; non-fatal ERRORs: 0

Thank you for using QUAST!
